<?xml version="1.0" encoding="UTF-8"?>
<!-- Generated by org.testng.reporters.JUnitReportReporter -->
<testsuite hostname="DESKTOP-SBRC601" failures="0" tests="1" name="com.BoomIDHub.TestCases.QuizFlowNavigation" time="55.473" errors="0" timestamp="2023-05-29T12:35:34 IST" skipped="0">
  <testcase classname="com.BoomIDHub.TestCases.QuizFlowNavigation" name="loginTeest" time="55.473"/>
  <system-out/>
</testsuite> <!-- com.BoomIDHub.TestCases.QuizFlowNavigation -->
