<?xml version="1.0" encoding="UTF-8"?>
<!-- Generated by org.testng.reporters.JUnitReportReporter -->
<testsuite hostname="DESKTOP-SBRC601" failures="0" tests="1" name="com.BoomIDHub.TestCases.TC_LoginDDT_002" time="32.930" errors="0" timestamp="2023-05-29T09:58:11 IST" skipped="0">
  <testcase classname="com.BoomIDHub.TestCases.TC_LoginDDT_002" name="loginTeest" time="32.930"/>
  <system-out/>
</testsuite> <!-- com.BoomIDHub.TestCases.TC_LoginDDT_002 -->
