<?xml version="1.0" encoding="UTF-8"?>
<!-- Generated by org.testng.reporters.JUnitReportReporter -->
<testsuite hostname="DESKTOP-SBRC601" failures="0" tests="1" name="com.BoomIDHub.TestCases.LogInTest" time="30.488" errors="0" timestamp="2023-05-29T12:46:11 IST" skipped="0">
  <testcase classname="com.BoomIDHub.TestCases.LogInTest" name="loginTest" time="30.488"/>
  <system-out/>
</testsuite> <!-- com.BoomIDHub.TestCases.LogInTest -->
